# JRE version: OpenJDK Runtime Environment (11.0.13) (build 11.0.13+0-b1751.21-8125866)
# Java VM: OpenJDK 64-Bit Server VM (11.0.13+0-b1751.21-8125866, mixed mode, tiered, compressed oops, g1 gc, windows-amd64)
Heap:
 garbage-first heap   total 131072K, used 71218K [0x00000000a0000000, 0x0000000100000000)
  region size 1024K, 22 young (22528K), 4 survivors (4096K)
 Metaspace       used 62641K, capacity 64741K, committed 64928K, reserved 1110016K
  class space    used 8132K, capacity 8892K, committed 8948K, reserved 1048576K
GC Heap History (20 events):
Event: 1660.410 GC heap before
{Heap before GC invocations=17 (full 0):
 garbage-first heap   total 131072K, used 58923K [0x00000000a0000000, 0x0000000100000000)
  region size 1024K, 33 young (33792K), 4 survivors (4096K)
 Metaspace       used 40509K, capacity 41587K, committed 41772K, reserved 1085440K
  class space    used 5039K, capacity 5420K, committed 5504K, reserved 1048576K
}
Event: 1660.437 GC heap after
{Heap after GC invocations=18 (full 0):
 garbage-first heap   total 131072K, used 27479K [0x00000000a0000000, 0x0000000100000000)
  region size 1024K, 3 young (3072K), 3 survivors (3072K)
 Metaspace       used 40509K, capacity 41587K, committed 41772K, reserved 1085440K
  class space    used 5039K, capacity 5420K, committed 5504K, reserved 1048576K
}
Event: 1764.003 GC heap before
{Heap before GC invocations=18 (full 0):
 garbage-first heap   total 131072K, used 62295K [0x00000000a0000000, 0x0000000100000000)
  region size 1024K, 37 young (37888K), 3 survivors (3072K)
 Metaspace       used 42519K, capacity 43650K, committed 43948K, reserved 1087488K
  class space    used 5356K, capacity 5762K, committed 5888K, reserved 1048576K
}
Event: 1764.010 GC heap after
{Heap after GC invocations=19 (full 0):
 garbage-first heap   total 131072K, used 28792K [0x00000000a0000000, 0x0000000100000000)
  region size 1024K, 4 young (4096K), 4 survivors (4096K)
 Metaspace       used 42519K, capacity 43650K, committed 43948K, reserved 1087488K
  class space    used 5356K, capacity 5762K, committed 5888K, reserved 1048576K
}
Event: 1781.684 GC heap before
{Heap before GC invocations=19 (full 0):
 garbage-first heap   total 131072K, used 73848K [0x00000000a0000000, 0x0000000100000000)
  region size 1024K, 48 young (49152K), 4 survivors (4096K)
 Metaspace       used 45846K, capacity 47069K, committed 47148K, reserved 1089536K
  class space    used 5772K, capacity 6217K, committed 6272K, reserved 1048576K
}
Event: 1781.694 GC heap after
{Heap after GC invocations=20 (full 0):
 garbage-first heap   total 131072K, used 31416K [0x00000000a0000000, 0x0000000100000000)
  region size 1024K, 4 young (4096K), 4 survivors (4096K)
 Metaspace       used 45846K, capacity 47069K, committed 47148K, reserved 1089536K
  class space    used 5772K, capacity 6217K, committed 6272K, reserved 1048576K
}
Event: 1860.453 GC heap before
{Heap before GC invocations=20 (full 0):
 garbage-first heap   total 131072K, used 82616K [0x00000000a0000000, 0x0000000100000000)
  region size 1024K, 54 young (55296K), 4 survivors (4096K)
 Metaspace       used 48406K, capacity 49661K, committed 49836K, reserved 1093632K
  class space    used 6098K, capacity 6572K, committed 6656K, reserved 1048576K
}
Event: 1860.501 GC heap after
{Heap after GC invocations=21 (full 0):
 garbage-first heap   total 131072K, used 32641K [0x00000000a0000000, 0x0000000100000000)
  region size 1024K, 4 young (4096K), 4 survivors (4096K)
 Metaspace       used 48406K, capacity 49661K, committed 49836K, reserved 1093632K
  class space    used 6098K, capacity 6572K, committed 6656K, reserved 1048576K
}
Event: 1958.866 GC heap before
{Heap before GC invocations=21 (full 0):
 garbage-first heap   total 131072K, used 84865K [0x00000000a0000000, 0x0000000100000000)
  region size 1024K, 55 young (56320K), 4 survivors (4096K)
 Metaspace       used 49272K, capacity 50595K, committed 50860K, reserved 1093632K
  class space    used 6176K, capacity 6644K, committed 6656K, reserved 1048576K
}
Event: 1959.100 GC heap after
{Heap after GC invocations=22 (full 0):
 garbage-first heap   total 131072K, used 33488K [0x00000000a0000000, 0x0000000100000000)
  region size 1024K, 2 young (2048K), 2 survivors (2048K)
 Metaspace       used 49272K, capacity 50595K, committed 50860K, reserved 1093632K
  class space    used 6176K, capacity 6644K, committed 6656K, reserved 1048576K
}
Event: 2167.135 GC heap before
{Heap before GC invocations=22 (full 0):
 garbage-first heap   total 131072K, used 87760K [0x00000000a0000000, 0x0000000100000000)
  region size 1024K, 47 young (48128K), 2 survivors (2048K)
 Metaspace       used 49940K, capacity 51389K, committed 51500K, reserved 1093632K
  class space    used 6252K, capacity 6757K, committed 6784K, reserved 1048576K
}
Event: 2167.189 GC heap after
{Heap after GC invocations=23 (full 0):
 garbage-first heap   total 131072K, used 49032K [0x00000000a0000000, 0x0000000100000000)
  region size 1024K, 6 young (6144K), 6 survivors (6144K)
 Metaspace       used 49940K, capacity 51389K, committed 51500K, reserved 1093632K
  class space    used 6252K, capacity 6757K, committed 6784K, reserved 1048576K
}
Event: 2209.855 GC heap before
{Heap before GC invocations=23 (full 0):
 garbage-first heap   total 131072K, used 95112K [0x00000000a0000000, 0x0000000100000000)
  region size 1024K, 51 young (52224K), 6 survivors (6144K)
 Metaspace       used 53391K, capacity 55015K, committed 55212K, reserved 1097728K
  class space    used 6786K, capacity 7398K, committed 7424K, reserved 1048576K
}
Event: 2210.188 GC heap after
{Heap after GC invocations=24 (full 0):
 garbage-first heap   total 131072K, used 50810K [0x00000000a0000000, 0x0000000100000000)
  region size 1024K, 2 young (2048K), 2 survivors (2048K)
 Metaspace       used 53391K, capacity 55015K, committed 55212K, reserved 1097728K
  class space    used 6786K, capacity 7398K, committed 7424K, reserved 1048576K
}
Event: 2221.961 GC heap before
{Heap before GC invocations=24 (full 0):
 garbage-first heap   total 131072K, used 87674K [0x00000000a0000000, 0x0000000100000000)
  region size 1024K, 38 young (38912K), 2 survivors (2048K)
 Metaspace       used 55765K, capacity 57424K, committed 57644K, reserved 1099776K
  class space    used 7136K, capacity 7773K, committed 7808K, reserved 1048576K
}
Event: 2221.966 GC heap after
{Heap after GC invocations=25 (full 0):
 garbage-first heap   total 131072K, used 51730K [0x00000000a0000000, 0x0000000100000000)
  region size 1024K, 3 young (3072K), 3 survivors (3072K)
 Metaspace       used 55765K, capacity 57424K, committed 57644K, reserved 1099776K
  class space    used 7136K, capacity 7773K, committed 7808K, reserved 1048576K
}
Event: 2229.566 GC heap before
{Heap before GC invocations=25 (full 0):
 garbage-first heap   total 131072K, used 87570K [0x00000000a0000000, 0x0000000100000000)
  region size 1024K, 39 young (39936K), 3 survivors (3072K)
 Metaspace       used 57991K, capacity 59664K, committed 59808K, reserved 1101824K
  class space    used 7436K, capacity 8093K, committed 8180K, reserved 1048576K
}
Event: 2229.573 GC heap after
{Heap after GC invocations=26 (full 0):
 garbage-first heap   total 131072K, used 52208K [0x00000000a0000000, 0x0000000100000000)
  region size 1024K, 3 young (3072K), 3 survivors (3072K)
 Metaspace       used 57991K, capacity 59664K, committed 59808K, reserved 1101824K
  class space    used 7436K, capacity 8093K, committed 8180K, reserved 1048576K
}
Event: 2255.874 GC heap before
{Heap before GC invocations=27 (full 0):
 garbage-first heap   total 131072K, used 100336K [0x00000000a0000000, 0x0000000100000000)
  region size 1024K, 50 young (51200K), 3 survivors (3072K)
 Metaspace       used 60903K, capacity 62903K, committed 63136K, reserved 1103872K
  class space    used 7862K, capacity 8609K, committed 8692K, reserved 1048576K
}
Event: 2255.887 GC heap after
{Heap after GC invocations=28 (full 0):
 garbage-first heap   total 131072K, used 53353K [0x00000000a0000000, 0x0000000100000000)
  region size 1024K, 4 young (4096K), 4 survivors (4096K)
 Metaspace       used 60903K, capacity 62903K, committed 63136K, reserved 1103872K
  class space    used 7862K, capacity 8609K, committed 8692K, reserved 1048576K
}

