# JRE version: OpenJDK Runtime Environment (11.0.13) (build 11.0.13+0-b1751.21-8125866)
# Java VM: OpenJDK 64-Bit Server VM (11.0.13+0-b1751.21-8125866, mixed mode, tiered, compressed oops, g1 gc, windows-amd64)
Heap:
 garbage-first heap   total 131072K, used 55236K [0x00000000a0000000, 0x0000000100000000)
  region size 1024K, 8 young (8192K), 5 survivors (5120K)
 Metaspace       used 62303K, capacity 64426K, committed 64592K, reserved 1105920K
  class space    used 8105K, capacity 8856K, committed 8864K, reserved 1048576K
GC Heap History (20 events):
Event: 108.985 GC heap before
{Heap before GC invocations=4 (full 0):
 garbage-first heap   total 131072K, used 43873K [0x00000000a0000000, 0x0000000100000000)
  region size 1024K, 34 young (34816K), 6 survivors (6144K)
 Metaspace       used 20730K, capacity 21141K, committed 21296K, reserved 1069056K
  class space    used 2480K, capacity 2621K, committed 2688K, reserved 1048576K
}
Event: 109.012 GC heap after
{Heap after GC invocations=5 (full 0):
 garbage-first heap   total 131072K, used 17781K [0x00000000a0000000, 0x0000000100000000)
  region size 1024K, 2 young (2048K), 2 survivors (2048K)
 Metaspace       used 20730K, capacity 21141K, committed 21296K, reserved 1069056K
  class space    used 2480K, capacity 2621K, committed 2688K, reserved 1048576K
}
Event: 143.937 GC heap before
{Heap before GC invocations=6 (full 0):
 garbage-first heap   total 131072K, used 66933K [0x00000000a0000000, 0x0000000100000000)
  region size 1024K, 50 young (51200K), 2 survivors (2048K)
 Metaspace       used 25731K, capacity 26357K, committed 26492K, reserved 1073152K
  class space    used 3286K, capacity 3517K, committed 3532K, reserved 1048576K
}
Event: 143.943 GC heap after
{Heap after GC invocations=7 (full 0):
 garbage-first heap   total 131072K, used 19264K [0x00000000a0000000, 0x0000000100000000)
  region size 1024K, 3 young (3072K), 3 survivors (3072K)
 Metaspace       used 25731K, capacity 26357K, committed 26492K, reserved 1073152K
  class space    used 3286K, capacity 3517K, committed 3532K, reserved 1048576K
}
Event: 181.609 GC heap before
{Heap before GC invocations=7 (full 0):
 garbage-first heap   total 131072K, used 83776K [0x00000000a0000000, 0x0000000100000000)
  region size 1024K, 66 young (67584K), 3 survivors (3072K)
 Metaspace       used 32462K, capacity 33151K, committed 33276K, reserved 1077248K
  class space    used 4284K, capacity 4576K, committed 4684K, reserved 1048576K
}
Event: 181.621 GC heap after
{Heap after GC invocations=8 (full 0):
 garbage-first heap   total 131072K, used 21781K [0x00000000a0000000, 0x0000000100000000)
  region size 1024K, 6 young (6144K), 6 survivors (6144K)
 Metaspace       used 32462K, capacity 33151K, committed 33276K, reserved 1077248K
  class space    used 4284K, capacity 4576K, committed 4684K, reserved 1048576K
}
Event: 183.694 GC heap before
{Heap before GC invocations=8 (full 0):
 garbage-first heap   total 131072K, used 26901K [0x00000000a0000000, 0x0000000100000000)
  region size 1024K, 12 young (12288K), 6 survivors (6144K)
 Metaspace       used 35174K, capacity 35953K, committed 36048K, reserved 1081344K
  class space    used 4497K, capacity 4827K, committed 4896K, reserved 1048576K
}
Event: 183.707 GC heap after
{Heap after GC invocations=9 (full 0):
 garbage-first heap   total 131072K, used 22857K [0x00000000a0000000, 0x0000000100000000)
  region size 1024K, 6 young (6144K), 6 survivors (6144K)
 Metaspace       used 35174K, capacity 35953K, committed 36048K, reserved 1081344K
  class space    used 4497K, capacity 4827K, committed 4896K, reserved 1048576K
}
Event: 223.232 GC heap before
{Heap before GC invocations=10 (full 0):
 garbage-first heap   total 131072K, used 91465K [0x00000000a0000000, 0x0000000100000000)
  region size 1024K, 71 young (72704K), 6 survivors (6144K)
 Metaspace       used 40556K, capacity 41648K, committed 41808K, reserved 1085440K
  class space    used 5095K, capacity 5529K, committed 5536K, reserved 1048576K
}
Event: 223.250 GC heap after
{Heap after GC invocations=11 (full 0):
 garbage-first heap   total 131072K, used 27896K [0x00000000a0000000, 0x0000000100000000)
  region size 1024K, 9 young (9216K), 9 survivors (9216K)
 Metaspace       used 40556K, capacity 41648K, committed 41808K, reserved 1085440K
  class space    used 5095K, capacity 5529K, committed 5536K, reserved 1048576K
}
Event: 244.189 GC heap before
{Heap before GC invocations=11 (full 0):
 garbage-first heap   total 131072K, used 96504K [0x00000000a0000000, 0x0000000100000000)
  region size 1024K, 76 young (77824K), 9 survivors (9216K)
 Metaspace       used 45722K, capacity 46963K, committed 47184K, reserved 1089536K
  class space    used 5799K, capacity 6249K, committed 6304K, reserved 1048576K
}
Event: 244.228 GC heap after
{Heap after GC invocations=12 (full 0):
 garbage-first heap   total 131072K, used 30629K [0x00000000a0000000, 0x0000000100000000)
  region size 1024K, 8 young (8192K), 8 survivors (8192K)
 Metaspace       used 45722K, capacity 46963K, committed 47184K, reserved 1089536K
  class space    used 5799K, capacity 6249K, committed 6304K, reserved 1048576K
}
Event: 280.326 GC heap before
{Heap before GC invocations=12 (full 0):
 garbage-first heap   total 131072K, used 99237K [0x00000000a0000000, 0x0000000100000000)
  region size 1024K, 75 young (76800K), 8 survivors (8192K)
 Metaspace       used 49030K, capacity 50331K, committed 50384K, reserved 1093632K
  class space    used 6180K, capacity 6667K, committed 6688K, reserved 1048576K
}
Event: 280.346 GC heap after
{Heap after GC invocations=13 (full 0):
 garbage-first heap   total 131072K, used 32914K [0x00000000a0000000, 0x0000000100000000)
  region size 1024K, 6 young (6144K), 6 survivors (6144K)
 Metaspace       used 49030K, capacity 50331K, committed 50384K, reserved 1093632K
  class space    used 6180K, capacity 6667K, committed 6688K, reserved 1048576K
}
Event: 423.541 GC heap before
{Heap before GC invocations=13 (full 0):
 garbage-first heap   total 131072K, used 109714K [0x00000000a0000000, 0x0000000100000000)
  region size 1024K, 73 young (74752K), 6 survivors (6144K)
 Metaspace       used 50735K, capacity 52280K, committed 52560K, reserved 1095680K
  class space    used 6434K, capacity 6974K, committed 7072K, reserved 1048576K
}
Event: 423.554 GC heap after
{Heap after GC invocations=14 (full 0):
 garbage-first heap   total 131072K, used 48520K [0x00000000a0000000, 0x0000000100000000)
  region size 1024K, 10 young (10240K), 10 survivors (10240K)
 Metaspace       used 50735K, capacity 52280K, committed 52560K, reserved 1095680K
  class space    used 6434K, capacity 6974K, committed 7072K, reserved 1048576K
}
Event: 455.077 GC heap before
{Heap before GC invocations=14 (full 0):
 garbage-first heap   total 131072K, used 102792K [0x00000000a0000000, 0x0000000100000000)
  region size 1024K, 63 young (64512K), 10 survivors (10240K)
 Metaspace       used 55510K, capacity 57274K, committed 57424K, reserved 1099776K
  class space    used 7126K, capacity 7789K, committed 7840K, reserved 1048576K
}
Event: 455.090 GC heap after
{Heap after GC invocations=15 (full 0):
 garbage-first heap   total 131072K, used 51254K [0x00000000a0000000, 0x0000000100000000)
  region size 1024K, 3 young (3072K), 3 survivors (3072K)
 Metaspace       used 55510K, capacity 57274K, committed 57424K, reserved 1099776K
  class space    used 7126K, capacity 7789K, committed 7840K, reserved 1048576K
}
Event: 464.980 GC heap before
{Heap before GC invocations=15 (full 0):
 garbage-first heap   total 131072K, used 102454K [0x00000000a0000000, 0x0000000100000000)
  region size 1024K, 54 young (55296K), 3 survivors (3072K)
 Metaspace       used 58733K, capacity 60448K, committed 60508K, reserved 1101824K
  class space    used 7544K, capacity 8206K, committed 8224K, reserved 1048576K
}
Event: 464.986 GC heap after
{Heap after GC invocations=16 (full 0):
 garbage-first heap   total 131072K, used 51376K [0x00000000a0000000, 0x0000000100000000)
  region size 1024K, 3 young (3072K), 3 survivors (3072K)
 Metaspace       used 58733K, capacity 60448K, committed 60508K, reserved 1101824K
  class space    used 7544K, capacity 8206K, committed 8224K, reserved 1048576K
}

