# JRE version: OpenJDK Runtime Environment (11.0.13) (build 11.0.13+0-b1751.21-8125866)
# Java VM: OpenJDK 64-Bit Server VM (11.0.13+0-b1751.21-8125866, mixed mode, tiered, compressed oops, g1 gc, windows-amd64)
Heap:
 garbage-first heap   total 209920K, used 53936K [0x00000000a0000000, 0x0000000100000000)
  region size 1024K, 2 young (2048K), 2 survivors (2048K)
 Metaspace       used 61304K, capacity 63341K, committed 63408K, reserved 1103872K
  class space    used 7929K, capacity 8666K, committed 8704K, reserved 1048576K
GC Heap History (20 events):
Event: 2399.438 GC heap before
{Heap before GC invocations=38 (full 0):
 garbage-first heap   total 131072K, used 55796K [0x00000000a0000000, 0x0000000100000000)
  region size 1024K, 6 young (6144K), 2 survivors (2048K)
 Metaspace       used 56460K, capacity 58202K, committed 58288K, reserved 1099776K
  class space    used 7248K, capacity 7882K, committed 7936K, reserved 1048576K
}
Event: 2399.923 GC heap after
{Heap after GC invocations=39 (full 0):
 garbage-first heap   total 131072K, used 51789K [0x00000000a0000000, 0x0000000100000000)
  region size 1024K, 1 young (1024K), 1 survivors (1024K)
 Metaspace       used 56460K, capacity 58202K, committed 58288K, reserved 1099776K
  class space    used 7248K, capacity 7882K, committed 7936K, reserved 1048576K
}
Event: 2399.971 GC heap before
{Heap before GC invocations=39 (full 0):
 garbage-first heap   total 131072K, used 55885K [0x00000000a0000000, 0x0000000100000000)
  region size 1024K, 6 young (6144K), 1 survivors (1024K)
 Metaspace       used 56796K, capacity 58522K, committed 58672K, reserved 1099776K
  class space    used 7292K, capacity 7946K, committed 8064K, reserved 1048576K
}
Event: 2399.973 GC heap after
{Heap after GC invocations=40 (full 0):
 garbage-first heap   total 131072K, used 51779K [0x00000000a0000000, 0x0000000100000000)
  region size 1024K, 1 young (1024K), 1 survivors (1024K)
 Metaspace       used 56796K, capacity 58522K, committed 58672K, reserved 1099776K
  class space    used 7292K, capacity 7946K, committed 8064K, reserved 1048576K
}
Event: 2400.865 GC heap before
{Heap before GC invocations=40 (full 0):
 garbage-first heap   total 131072K, used 57923K [0x00000000a0000000, 0x0000000100000000)
  region size 1024K, 7 young (7168K), 1 survivors (1024K)
 Metaspace       used 57167K, capacity 58874K, committed 59184K, reserved 1099776K
  class space    used 7343K, capacity 7978K, committed 8064K, reserved 1048576K
}
Event: 2400.867 GC heap after
{Heap after GC invocations=41 (full 0):
 garbage-first heap   total 131072K, used 51856K [0x00000000a0000000, 0x0000000100000000)
  region size 1024K, 1 young (1024K), 1 survivors (1024K)
 Metaspace       used 57167K, capacity 58874K, committed 59184K, reserved 1099776K
  class space    used 7343K, capacity 7978K, committed 8064K, reserved 1048576K
}
Event: 2401.691 GC heap before
{Heap before GC invocations=41 (full 0):
 garbage-first heap   total 131072K, used 58000K [0x00000000a0000000, 0x0000000100000000)
  region size 1024K, 8 young (8192K), 1 survivors (1024K)
 Metaspace       used 57688K, capacity 59386K, committed 59440K, reserved 1101824K
  class space    used 7403K, capacity 8042K, committed 8064K, reserved 1048576K
}
Event: 2401.944 GC heap after
{Heap after GC invocations=42 (full 0):
 garbage-first heap   total 131072K, used 51912K [0x00000000a0000000, 0x0000000100000000)
  region size 1024K, 1 young (1024K), 1 survivors (1024K)
 Metaspace       used 57688K, capacity 59386K, committed 59440K, reserved 1101824K
  class space    used 7403K, capacity 8042K, committed 8064K, reserved 1048576K
}
Event: 2402.474 GC heap before
{Heap before GC invocations=42 (full 0):
 garbage-first heap   total 131072K, used 57032K [0x00000000a0000000, 0x0000000100000000)
  region size 1024K, 6 young (6144K), 1 survivors (1024K)
 Metaspace       used 57968K, capacity 59706K, committed 59824K, reserved 1101824K
  class space    used 7448K, capacity 8106K, committed 8192K, reserved 1048576K
}
Event: 2402.475 GC heap after
{Heap after GC invocations=43 (full 0):
 garbage-first heap   total 131072K, used 51906K [0x00000000a0000000, 0x0000000100000000)
  region size 1024K, 1 young (1024K), 1 survivors (1024K)
 Metaspace       used 57968K, capacity 59706K, committed 59824K, reserved 1101824K
  class space    used 7448K, capacity 8106K, committed 8192K, reserved 1048576K
}
Event: 2403.024 GC heap before
{Heap before GC invocations=43 (full 0):
 garbage-first heap   total 131072K, used 58050K [0x00000000a0000000, 0x0000000100000000)
  region size 1024K, 7 young (7168K), 1 survivors (1024K)
 Metaspace       used 58387K, capacity 60128K, committed 60336K, reserved 1101824K
  class space    used 7492K, capacity 8139K, committed 8192K, reserved 1048576K
}
Event: 2403.027 GC heap after
{Heap after GC invocations=44 (full 0):
 garbage-first heap   total 131072K, used 52049K [0x00000000a0000000, 0x0000000100000000)
  region size 1024K, 1 young (1024K), 1 survivors (1024K)
 Metaspace       used 58387K, capacity 60128K, committed 60336K, reserved 1101824K
  class space    used 7492K, capacity 8139K, committed 8192K, reserved 1048576K
}
Event: 2403.527 GC heap before
{Heap before GC invocations=44 (full 0):
 garbage-first heap   total 131072K, used 59217K [0x00000000a0000000, 0x0000000100000000)
  region size 1024K, 8 young (8192K), 1 survivors (1024K)
 Metaspace       used 58870K, capacity 60672K, committed 60976K, reserved 1101824K
  class space    used 7549K, capacity 8235K, committed 8320K, reserved 1048576K
}
Event: 2403.530 GC heap after
{Heap after GC invocations=45 (full 0):
 garbage-first heap   total 131072K, used 52120K [0x00000000a0000000, 0x0000000100000000)
  region size 1024K, 1 young (1024K), 1 survivors (1024K)
 Metaspace       used 58870K, capacity 60672K, committed 60976K, reserved 1101824K
  class space    used 7549K, capacity 8235K, committed 8320K, reserved 1048576K
}
Event: 2412.410 GC heap before
{Heap before GC invocations=45 (full 0):
 garbage-first heap   total 131072K, used 61336K [0x00000000a0000000, 0x0000000100000000)
  region size 1024K, 10 young (10240K), 1 survivors (1024K)
 Metaspace       used 59009K, capacity 60809K, committed 60976K, reserved 1101824K
  class space    used 7557K, capacity 8235K, committed 8320K, reserved 1048576K
}
Event: 2412.413 GC heap after
{Heap after GC invocations=46 (full 0):
 garbage-first heap   total 131072K, used 52534K [0x00000000a0000000, 0x0000000100000000)
  region size 1024K, 1 young (1024K), 1 survivors (1024K)
 Metaspace       used 59009K, capacity 60809K, committed 60976K, reserved 1101824K
  class space    used 7557K, capacity 8235K, committed 8320K, reserved 1048576K
}
Event: 2413.279 GC heap before
{Heap before GC invocations=46 (full 0):
 garbage-first heap   total 131072K, used 62774K [0x00000000a0000000, 0x0000000100000000)
  region size 1024K, 11 young (11264K), 1 survivors (1024K)
 Metaspace       used 59725K, capacity 61606K, committed 61872K, reserved 1103872K
  class space    used 7688K, capacity 8393K, committed 8448K, reserved 1048576K
}
Event: 2413.282 GC heap after
{Heap after GC invocations=47 (full 0):
 garbage-first heap   total 131072K, used 52819K [0x00000000a0000000, 0x0000000100000000)
  region size 1024K, 2 young (2048K), 2 survivors (2048K)
 Metaspace       used 59725K, capacity 61606K, committed 61872K, reserved 1103872K
  class space    used 7688K, capacity 8393K, committed 8448K, reserved 1048576K
}
Event: 2416.675 GC heap before
{Heap before GC invocations=47 (full 0):
 garbage-first heap   total 131072K, used 64083K [0x00000000a0000000, 0x0000000100000000)
  region size 1024K, 13 young (13312K), 2 survivors (2048K)
 Metaspace       used 60715K, capacity 62691K, committed 62768K, reserved 1103872K
  class space    used 7833K, capacity 8538K, committed 8576K, reserved 1048576K
}
Event: 2416.968 GC heap after
{Heap after GC invocations=48 (full 0):
 garbage-first heap   total 131072K, used 53378K [0x00000000a0000000, 0x0000000100000000)
  region size 1024K, 2 young (2048K), 2 survivors (2048K)
 Metaspace       used 60715K, capacity 62691K, committed 62768K, reserved 1103872K
  class space    used 7833K, capacity 8538K, committed 8576K, reserved 1048576K
}

