# JRE version: OpenJDK Runtime Environment (11.0.13) (build 11.0.13+0-b1751.21-8125866)
# Java VM: OpenJDK 64-Bit Server VM (11.0.13+0-b1751.21-8125866, mixed mode, tiered, compressed oops, g1 gc, windows-amd64)
Heap:
 garbage-first heap   total 131072K, used 64478K [0x00000000a0000000, 0x0000000100000000)
  region size 1024K, 16 young (16384K), 0 survivors (0K)
 Metaspace       used 62466K, capacity 64540K, committed 64684K, reserved 1112064K
  class space    used 8099K, capacity 8846K, committed 8960K, reserved 1048576K
GC Heap History (20 events):
Event: 1789.443 GC heap before
{Heap before GC invocations=20 (full 0):
 garbage-first heap   total 131072K, used 65351K [0x00000000a0000000, 0x0000000100000000)
  region size 1024K, 37 young (37888K), 3 survivors (3072K)
 Metaspace       used 46947K, capacity 48175K, committed 48300K, reserved 1091584K
  class space    used 5933K, capacity 6376K, committed 6400K, reserved 1048576K
}
Event: 1789.450 GC heap after
{Heap after GC invocations=21 (full 0):
 garbage-first heap   total 131072K, used 31796K [0x00000000a0000000, 0x0000000100000000)
  region size 1024K, 4 young (4096K), 4 survivors (4096K)
 Metaspace       used 46947K, capacity 48175K, committed 48300K, reserved 1091584K
  class space    used 5933K, capacity 6376K, committed 6400K, reserved 1048576K
}
Event: 1868.580 GC heap before
{Heap before GC invocations=21 (full 0):
 garbage-first heap   total 131072K, used 71732K [0x00000000a0000000, 0x0000000100000000)
  region size 1024K, 43 young (44032K), 4 survivors (4096K)
 Metaspace       used 48469K, capacity 49731K, committed 49836K, reserved 1093632K
  class space    used 6100K, capacity 6572K, committed 6656K, reserved 1048576K
}
Event: 1868.589 GC heap after
{Heap after GC invocations=22 (full 0):
 garbage-first heap   total 131072K, used 32914K [0x00000000a0000000, 0x0000000100000000)
  region size 1024K, 4 young (4096K), 4 survivors (4096K)
 Metaspace       used 48469K, capacity 49731K, committed 49836K, reserved 1093632K
  class space    used 6100K, capacity 6572K, committed 6656K, reserved 1048576K
}
Event: 1952.832 GC heap before
{Heap before GC invocations=22 (full 0):
 garbage-first heap   total 131072K, used 77970K [0x00000000a0000000, 0x0000000100000000)
  region size 1024K, 49 young (50176K), 4 survivors (4096K)
 Metaspace       used 49269K, capacity 50596K, committed 50860K, reserved 1093632K
  class space    used 6175K, capacity 6643K, committed 6656K, reserved 1048576K
}
Event: 1952.851 GC heap after
{Heap after GC invocations=23 (full 0):
 garbage-first heap   total 131072K, used 33420K [0x00000000a0000000, 0x0000000100000000)
  region size 1024K, 3 young (3072K), 3 survivors (3072K)
 Metaspace       used 49269K, capacity 50596K, committed 50860K, reserved 1093632K
  class space    used 6175K, capacity 6643K, committed 6656K, reserved 1048576K
}
Event: 2171.695 GC heap before
{Heap before GC invocations=23 (full 0):
 garbage-first heap   total 131072K, used 94860K [0x00000000a0000000, 0x0000000100000000)
  region size 1024K, 55 young (56320K), 3 survivors (3072K)
 Metaspace       used 49991K, capacity 51445K, committed 51628K, reserved 1093632K
  class space    used 6261K, capacity 6796K, committed 6912K, reserved 1048576K
}
Event: 2172.221 GC heap after
{Heap after GC invocations=24 (full 0):
 garbage-first heap   total 131072K, used 48621K [0x00000000a0000000, 0x0000000100000000)
  region size 1024K, 7 young (7168K), 7 survivors (7168K)
 Metaspace       used 49991K, capacity 51445K, committed 51628K, reserved 1093632K
  class space    used 6261K, capacity 6796K, committed 6912K, reserved 1048576K
}
Event: 2184.193 GC heap before
{Heap before GC invocations=24 (full 0):
 garbage-first heap   total 131072K, used 60909K [0x00000000a0000000, 0x0000000100000000)
  region size 1024K, 19 young (19456K), 7 survivors (7168K)
 Metaspace       used 50822K, capacity 52322K, committed 52524K, reserved 1095680K
  class space    used 6410K, capacity 6942K, committed 7040K, reserved 1048576K
}
Event: 2184.249 GC heap after
{Heap after GC invocations=25 (full 0):
 garbage-first heap   total 131072K, used 49329K [0x00000000a0000000, 0x0000000100000000)
  region size 1024K, 1 young (1024K), 1 survivors (1024K)
 Metaspace       used 50822K, capacity 52322K, committed 52524K, reserved 1095680K
  class space    used 6410K, capacity 6942K, committed 7040K, reserved 1048576K
}
Event: 2197.581 GC heap before
{Heap before GC invocations=25 (full 0):
 garbage-first heap   total 131072K, used 66737K [0x00000000a0000000, 0x0000000100000000)
  region size 1024K, 18 young (18432K), 1 survivors (1024K)
 Metaspace       used 51232K, capacity 52767K, committed 52780K, reserved 1095680K
  class space    used 6474K, capacity 7027K, committed 7040K, reserved 1048576K
}
Event: 2197.589 GC heap after
{Heap after GC invocations=26 (full 0):
 garbage-first heap   total 131072K, used 49265K [0x00000000a0000000, 0x0000000100000000)
  region size 1024K, 1 young (1024K), 1 survivors (1024K)
 Metaspace       used 51232K, capacity 52767K, committed 52780K, reserved 1095680K
  class space    used 6474K, capacity 7027K, committed 7040K, reserved 1048576K
}
Event: 2215.243 GC heap before
{Heap before GC invocations=26 (full 0):
 garbage-first heap   total 131072K, used 74865K [0x00000000a0000000, 0x0000000100000000)
  region size 1024K, 26 young (26624K), 1 survivors (1024K)
 Metaspace       used 54166K, capacity 55885K, committed 56236K, reserved 1097728K
  class space    used 6913K, capacity 7559K, committed 7680K, reserved 1048576K
}
Event: 2215.247 GC heap after
{Heap after GC invocations=27 (full 0):
 garbage-first heap   total 131072K, used 50246K [0x00000000a0000000, 0x0000000100000000)
  region size 1024K, 2 young (2048K), 2 survivors (2048K)
 Metaspace       used 54166K, capacity 55885K, committed 56236K, reserved 1097728K
  class space    used 6913K, capacity 7559K, committed 7680K, reserved 1048576K
}
Event: 2226.925 GC heap before
{Heap before GC invocations=27 (full 0):
 garbage-first heap   total 131072K, used 84038K [0x00000000a0000000, 0x0000000100000000)
  region size 1024K, 35 young (35840K), 2 survivors (2048K)
 Metaspace       used 56221K, capacity 57942K, committed 58284K, reserved 1099776K
  class space    used 7198K, capacity 7837K, committed 7936K, reserved 1048576K
}
Event: 2226.930 GC heap after
{Heap after GC invocations=28 (full 0):
 garbage-first heap   total 131072K, used 51164K [0x00000000a0000000, 0x0000000100000000)
  region size 1024K, 3 young (3072K), 3 survivors (3072K)
 Metaspace       used 56221K, capacity 57942K, committed 58284K, reserved 1099776K
  class space    used 7198K, capacity 7837K, committed 7936K, reserved 1048576K
}
Event: 2230.616 GC heap before
{Heap before GC invocations=28 (full 0):
 garbage-first heap   total 131072K, used 78812K [0x00000000a0000000, 0x0000000100000000)
  region size 1024K, 31 young (31744K), 3 survivors (3072K)
 Metaspace       used 57979K, capacity 59638K, committed 59692K, reserved 1101824K
  class space    used 7433K, capacity 8061K, committed 8064K, reserved 1048576K
}
Event: 2230.622 GC heap after
{Heap after GC invocations=29 (full 0):
 garbage-first heap   total 131072K, used 51491K [0x00000000a0000000, 0x0000000100000000)
  region size 1024K, 3 young (3072K), 3 survivors (3072K)
 Metaspace       used 57979K, capacity 59638K, committed 59692K, reserved 1101824K
  class space    used 7433K, capacity 8061K, committed 8064K, reserved 1048576K
}
Event: 2243.884 GC heap before
{Heap before GC invocations=30 (full 0):
 garbage-first heap   total 131072K, used 91427K [0x00000000a0000000, 0x0000000100000000)
  region size 1024K, 43 young (44032K), 3 survivors (3072K)
 Metaspace       used 60363K, capacity 62298K, committed 62508K, reserved 1103872K
  class space    used 7771K, capacity 8471K, committed 8576K, reserved 1048576K
}
Event: 2243.896 GC heap after
{Heap after GC invocations=31 (full 0):
 garbage-first heap   total 131072K, used 52316K [0x00000000a0000000, 0x0000000100000000)
  region size 1024K, 4 young (4096K), 4 survivors (4096K)
 Metaspace       used 60363K, capacity 62298K, committed 62508K, reserved 1103872K
  class space    used 7771K, capacity 8471K, committed 8576K, reserved 1048576K
}

