# JRE version: OpenJDK Runtime Environment (11.0.13) (build 11.0.13+0-b1751.21-8125866)
# Java VM: OpenJDK 64-Bit Server VM (11.0.13+0-b1751.21-8125866, mixed mode, tiered, compressed oops, g1 gc, windows-amd64)
Heap:
 garbage-first heap   total 131072K, used 52004K [0x00000000a0000000, 0x0000000100000000)
  region size 1024K, 2 young (2048K), 2 survivors (2048K)
 Metaspace       used 61270K, capacity 63232K, committed 63312K, reserved 1112064K
  class space    used 7928K, capacity 8651K, committed 8704K, reserved 1048576K
GC Heap History (20 events):
Event: 2334.853 GC heap before
{Heap before GC invocations=43 (full 0):
 garbage-first heap   total 131072K, used 71943K [0x00000000a0000000, 0x0000000100000000)
  region size 1024K, 23 young (23552K), 1 survivors (1024K)
 Metaspace       used 54212K, capacity 55912K, committed 56144K, reserved 1097728K
  class space    used 6932K, capacity 7569K, committed 7680K, reserved 1048576K
}
Event: 2334.857 GC heap after
{Heap after GC invocations=44 (full 0):
 garbage-first heap   total 131072K, used 50377K [0x00000000a0000000, 0x0000000100000000)
  region size 1024K, 2 young (2048K), 2 survivors (2048K)
 Metaspace       used 54212K, capacity 55912K, committed 56144K, reserved 1097728K
  class space    used 6932K, capacity 7569K, committed 7680K, reserved 1048576K
}
Event: 2344.645 GC heap before
{Heap before GC invocations=44 (full 0):
 garbage-first heap   total 131072K, used 75977K [0x00000000a0000000, 0x0000000100000000)
  region size 1024K, 28 young (28672K), 2 survivors (2048K)
 Metaspace       used 55844K, capacity 57649K, committed 57936K, reserved 1099776K
  class space    used 7162K, capacity 7847K, committed 7936K, reserved 1048576K
}
Event: 2345.493 GC heap after
{Heap after GC invocations=45 (full 0):
 garbage-first heap   total 131072K, used 51140K [0x00000000a0000000, 0x0000000100000000)
  region size 1024K, 3 young (3072K), 3 survivors (3072K)
 Metaspace       used 55844K, capacity 57649K, committed 57936K, reserved 1099776K
  class space    used 7162K, capacity 7847K, committed 7936K, reserved 1048576K
}
Event: 2346.101 GC heap before
{Heap before GC invocations=45 (full 0):
 garbage-first heap   total 131072K, used 57284K [0x00000000a0000000, 0x0000000100000000)
  region size 1024K, 9 young (9216K), 3 survivors (3072K)
 Metaspace       used 56177K, capacity 57937K, committed 58192K, reserved 1099776K
  class space    used 7208K, capacity 7879K, committed 7936K, reserved 1048576K
}
Event: 2346.340 GC heap after
{Heap after GC invocations=46 (full 0):
 garbage-first heap   total 131072K, used 51241K [0x00000000a0000000, 0x0000000100000000)
  region size 1024K, 1 young (1024K), 1 survivors (1024K)
 Metaspace       used 56177K, capacity 57937K, committed 58192K, reserved 1099776K
  class space    used 7208K, capacity 7879K, committed 7936K, reserved 1048576K
}
Event: 2347.270 GC heap before
{Heap before GC invocations=46 (full 0):
 garbage-first heap   total 131072K, used 56361K [0x00000000a0000000, 0x0000000100000000)
  region size 1024K, 6 young (6144K), 1 survivors (1024K)
 Metaspace       used 56456K, capacity 58225K, committed 58448K, reserved 1099776K
  class space    used 7246K, capacity 7911K, committed 7936K, reserved 1048576K
}
Event: 2347.272 GC heap after
{Heap after GC invocations=47 (full 0):
 garbage-first heap   total 131072K, used 51431K [0x00000000a0000000, 0x0000000100000000)
  region size 1024K, 1 young (1024K), 1 survivors (1024K)
 Metaspace       used 56456K, capacity 58225K, committed 58448K, reserved 1099776K
  class space    used 7246K, capacity 7911K, committed 7936K, reserved 1048576K
}
Event: 2347.380 GC heap before
{Heap before GC invocations=47 (full 0):
 garbage-first heap   total 131072K, used 57575K [0x00000000a0000000, 0x0000000100000000)
  region size 1024K, 7 young (7168K), 1 survivors (1024K)
 Metaspace       used 56862K, capacity 58609K, committed 58832K, reserved 1099776K
  class space    used 7299K, capacity 7975K, committed 8064K, reserved 1048576K
}
Event: 2347.382 GC heap after
{Heap after GC invocations=48 (full 0):
 garbage-first heap   total 131072K, used 51400K [0x00000000a0000000, 0x0000000100000000)
  region size 1024K, 1 young (1024K), 1 survivors (1024K)
 Metaspace       used 56862K, capacity 58609K, committed 58832K, reserved 1099776K
  class space    used 7299K, capacity 7975K, committed 8064K, reserved 1048576K
}
Event: 2348.849 GC heap before
{Heap before GC invocations=48 (full 0):
 garbage-first heap   total 131072K, used 59592K [0x00000000a0000000, 0x0000000100000000)
  region size 1024K, 9 young (9216K), 1 survivors (1024K)
 Metaspace       used 57426K, capacity 59185K, committed 59344K, reserved 1101824K
  class space    used 7370K, capacity 8039K, committed 8064K, reserved 1048576K
}
Event: 2348.851 GC heap after
{Heap after GC invocations=49 (full 0):
 garbage-first heap   total 131072K, used 51436K [0x00000000a0000000, 0x0000000100000000)
  region size 1024K, 1 young (1024K), 1 survivors (1024K)
 Metaspace       used 57426K, capacity 59185K, committed 59344K, reserved 1101824K
  class space    used 7370K, capacity 8039K, committed 8064K, reserved 1048576K
}
Event: 2350.522 GC heap before
{Heap before GC invocations=49 (full 0):
 garbage-first heap   total 131072K, used 62700K [0x00000000a0000000, 0x0000000100000000)
  region size 1024K, 12 young (12288K), 1 survivors (1024K)
 Metaspace       used 58071K, capacity 59857K, committed 59984K, reserved 1101824K
  class space    used 7462K, capacity 8135K, committed 8192K, reserved 1048576K
}
Event: 2350.524 GC heap after
{Heap after GC invocations=50 (full 0):
 garbage-first heap   total 131072K, used 51562K [0x00000000a0000000, 0x0000000100000000)
  region size 1024K, 1 young (1024K), 1 survivors (1024K)
 Metaspace       used 58071K, capacity 59857K, committed 59984K, reserved 1101824K
  class space    used 7462K, capacity 8135K, committed 8192K, reserved 1048576K
}
Event: 2351.052 GC heap before
{Heap before GC invocations=50 (full 0):
 garbage-first heap   total 131072K, used 56682K [0x00000000a0000000, 0x0000000100000000)
  region size 1024K, 7 young (7168K), 1 survivors (1024K)
 Metaspace       used 58495K, capacity 60215K, committed 60240K, reserved 1101824K
  class space    used 7501K, capacity 8168K, committed 8192K, reserved 1048576K
}
Event: 2351.055 GC heap after
{Heap after GC invocations=51 (full 0):
 garbage-first heap   total 131072K, used 51711K [0x00000000a0000000, 0x0000000100000000)
  region size 1024K, 1 young (1024K), 1 survivors (1024K)
 Metaspace       used 58495K, capacity 60215K, committed 60240K, reserved 1101824K
  class space    used 7501K, capacity 8168K, committed 8192K, reserved 1048576K
}
Event: 2358.947 GC heap before
{Heap before GC invocations=52 (full 0):
 garbage-first heap   total 131072K, used 66047K [0x00000000a0000000, 0x0000000100000000)
  region size 1024K, 16 young (16384K), 1 survivors (1024K)
 Metaspace       used 58965K, capacity 60703K, committed 60880K, reserved 1101824K
  class space    used 7550K, capacity 8220K, committed 8320K, reserved 1048576K
}
Event: 2358.950 GC heap after
{Heap after GC invocations=53 (full 0):
 garbage-first heap   total 131072K, used 50999K [0x00000000a0000000, 0x0000000100000000)
  region size 1024K, 1 young (1024K), 1 survivors (1024K)
 Metaspace       used 58965K, capacity 60703K, committed 60880K, reserved 1101824K
  class space    used 7550K, capacity 8220K, committed 8320K, reserved 1048576K
}
Event: 2364.077 GC heap before
{Heap before GC invocations=54 (full 0):
 garbage-first heap   total 131072K, used 70455K [0x00000000a0000000, 0x0000000100000000)
  region size 1024K, 20 young (20480K), 1 survivors (1024K)
 Metaspace       used 60404K, capacity 62393K, committed 62672K, reserved 1103872K
  class space    used 7790K, capacity 8481K, committed 8576K, reserved 1048576K
}
Event: 2364.083 GC heap after
{Heap after GC invocations=55 (full 0):
 garbage-first heap   total 131072K, used 51689K [0x00000000a0000000, 0x0000000100000000)
  region size 1024K, 2 young (2048K), 2 survivors (2048K)
 Metaspace       used 60404K, capacity 62393K, committed 62672K, reserved 1103872K
  class space    used 7790K, capacity 8481K, committed 8576K, reserved 1048576K
}

