# JRE version: OpenJDK Runtime Environment (11.0.13) (build 11.0.13+0-b1751.21-8125866)
# Java VM: OpenJDK 64-Bit Server VM (11.0.13+0-b1751.21-8125866, mixed mode, tiered, compressed oops, g1 gc, windows-amd64)
Heap:
 garbage-first heap   total 131072K, used 91997K [0x00000000a0000000, 0x0000000100000000)
  region size 1024K, 45 young (46080K), 3 survivors (3072K)
 Metaspace       used 61203K, capacity 63189K, committed 63440K, reserved 1103872K
  class space    used 7939K, capacity 8661K, committed 8736K, reserved 1048576K
GC Heap History (20 events):
Event: 1829.566 GC heap before
{Heap before GC invocations=5 (full 0):
 garbage-first heap   total 131072K, used 51727K [0x00000000a0000000, 0x0000000100000000)
  region size 1024K, 36 young (36864K), 2 survivors (2048K)
 Metaspace       used 24336K, capacity 24931K, committed 25084K, reserved 1071104K
  class space    used 3072K, capacity 3318K, committed 3404K, reserved 1048576K
}
Event: 1829.571 GC heap after
{Heap after GC invocations=6 (full 0):
 garbage-first heap   total 131072K, used 17976K [0x00000000a0000000, 0x0000000100000000)
  region size 1024K, 3 young (3072K), 3 survivors (3072K)
 Metaspace       used 24336K, capacity 24931K, committed 25084K, reserved 1071104K
  class space    used 3072K, capacity 3318K, committed 3404K, reserved 1048576K
}
Event: 1852.685 GC heap before
{Heap before GC invocations=6 (full 0):
 garbage-first heap   total 131072K, used 70200K [0x00000000a0000000, 0x0000000100000000)
  region size 1024K, 54 young (55296K), 3 survivors (3072K)
 Metaspace       used 29507K, capacity 30184K, committed 30460K, reserved 1075200K
  class space    used 3867K, capacity 4140K, committed 4172K, reserved 1048576K
}
Event: 1852.692 GC heap after
{Heap after GC invocations=7 (full 0):
 garbage-first heap   total 131072K, used 19744K [0x00000000a0000000, 0x0000000100000000)
  region size 1024K, 5 young (5120K), 5 survivors (5120K)
 Metaspace       used 29507K, capacity 30184K, committed 30460K, reserved 1075200K
  class space    used 3867K, capacity 4140K, committed 4172K, reserved 1048576K
}
Event: 1872.278 GC heap before
{Heap before GC invocations=7 (full 0):
 garbage-first heap   total 131072K, used 48416K [0x00000000a0000000, 0x0000000100000000)
  region size 1024K, 34 young (34816K), 5 survivors (5120K)
 Metaspace       used 35181K, capacity 35953K, committed 36048K, reserved 1081344K
  class space    used 4499K, capacity 4827K, committed 4896K, reserved 1048576K
}
Event: 1872.291 GC heap after
{Heap after GC invocations=8 (full 0):
 garbage-first heap   total 131072K, used 22122K [0x00000000a0000000, 0x0000000100000000)
  region size 1024K, 6 young (6144K), 6 survivors (6144K)
 Metaspace       used 35181K, capacity 35953K, committed 36048K, reserved 1081344K
  class space    used 4499K, capacity 4827K, committed 4896K, reserved 1048576K
}
Event: 1889.513 GC heap before
{Heap before GC invocations=9 (full 0):
 garbage-first heap   total 131072K, used 84586K [0x00000000a0000000, 0x0000000100000000)
  region size 1024K, 65 young (66560K), 6 survivors (6144K)
 Metaspace       used 40314K, capacity 41443K, committed 41552K, reserved 1085440K
  class space    used 5063K, capacity 5483K, committed 5536K, reserved 1048576K
}
Event: 1889.745 GC heap after
{Heap after GC invocations=10 (full 0):
 garbage-first heap   total 131072K, used 26454K [0x00000000a0000000, 0x0000000100000000)
  region size 1024K, 9 young (9216K), 9 survivors (9216K)
 Metaspace       used 40314K, capacity 41443K, committed 41552K, reserved 1085440K
  class space    used 5063K, capacity 5483K, committed 5536K, reserved 1048576K
}
Event: 1926.462 GC heap before
{Heap before GC invocations=10 (full 0):
 garbage-first heap   total 131072K, used 62294K [0x00000000a0000000, 0x0000000100000000)
  region size 1024K, 44 young (45056K), 9 survivors (9216K)
 Metaspace       used 43257K, capacity 44363K, committed 44624K, reserved 1087488K
  class space    used 5528K, capacity 5960K, committed 6048K, reserved 1048576K
}
Event: 1926.512 GC heap after
{Heap after GC invocations=11 (full 0):
 garbage-first heap   total 131072K, used 27924K [0x00000000a0000000, 0x0000000100000000)
  region size 1024K, 2 young (2048K), 2 survivors (2048K)
 Metaspace       used 43257K, capacity 44363K, committed 44624K, reserved 1087488K
  class space    used 5528K, capacity 5960K, committed 6048K, reserved 1048576K
}
Event: 1943.278 GC heap before
{Heap before GC invocations=11 (full 0):
 garbage-first heap   total 131072K, used 88340K [0x00000000a0000000, 0x0000000100000000)
  region size 1024K, 61 young (62464K), 2 survivors (2048K)
 Metaspace       used 47485K, capacity 48801K, committed 48976K, reserved 1091584K
  class space    used 6047K, capacity 6525K, committed 6560K, reserved 1048576K
}
Event: 1943.287 GC heap after
{Heap after GC invocations=12 (full 0):
 garbage-first heap   total 131072K, used 30412K [0x00000000a0000000, 0x0000000100000000)
  region size 1024K, 5 young (5120K), 5 survivors (5120K)
 Metaspace       used 47485K, capacity 48801K, committed 48976K, reserved 1091584K
  class space    used 6047K, capacity 6525K, committed 6560K, reserved 1048576K
}
Event: 1971.193 GC heap before
{Heap before GC invocations=12 (full 0):
 garbage-first heap   total 131072K, used 91852K [0x00000000a0000000, 0x0000000100000000)
  region size 1024K, 66 young (67584K), 5 survivors (5120K)
 Metaspace       used 49358K, capacity 50743K, committed 51024K, reserved 1093632K
  class space    used 6212K, capacity 6716K, committed 6816K, reserved 1048576K
}
Event: 1971.206 GC heap after
{Heap after GC invocations=13 (full 0):
 garbage-first heap   total 131072K, used 32793K [0x00000000a0000000, 0x0000000100000000)
  region size 1024K, 7 young (7168K), 7 survivors (7168K)
 Metaspace       used 49358K, capacity 50743K, committed 51024K, reserved 1093632K
  class space    used 6212K, capacity 6716K, committed 6816K, reserved 1048576K
}
Event: 2124.273 GC heap before
{Heap before GC invocations=13 (full 0):
 garbage-first heap   total 131072K, used 104473K [0x00000000a0000000, 0x0000000100000000)
  region size 1024K, 69 young (70656K), 7 survivors (7168K)
 Metaspace       used 51739K, capacity 53324K, committed 53456K, reserved 1095680K
  class space    used 6612K, capacity 7199K, committed 7200K, reserved 1048576K
}
Event: 2124.485 GC heap after
{Heap after GC invocations=14 (full 0):
 garbage-first heap   total 131072K, used 47488K [0x00000000a0000000, 0x0000000100000000)
  region size 1024K, 9 young (9216K), 9 survivors (9216K)
 Metaspace       used 51739K, capacity 53324K, committed 53456K, reserved 1095680K
  class space    used 6612K, capacity 7199K, committed 7200K, reserved 1048576K
}
Event: 2149.446 GC heap before
{Heap before GC invocations=14 (full 0):
 garbage-first heap   total 131072K, used 101760K [0x00000000a0000000, 0x0000000100000000)
  region size 1024K, 62 young (63488K), 9 survivors (9216K)
 Metaspace       used 56346K, capacity 58126K, committed 58320K, reserved 1099776K
  class space    used 7258K, capacity 7945K, committed 7968K, reserved 1048576K
}
Event: 2149.561 GC heap after
{Heap after GC invocations=15 (full 0):
 garbage-first heap   total 131072K, used 50924K [0x00000000a0000000, 0x0000000100000000)
  region size 1024K, 3 young (3072K), 3 survivors (3072K)
 Metaspace       used 56346K, capacity 58126K, committed 58320K, reserved 1099776K
  class space    used 7258K, capacity 7945K, committed 7968K, reserved 1048576K
}
Event: 2153.399 GC heap before
{Heap before GC invocations=15 (full 0):
 garbage-first heap   total 131072K, used 84716K [0x00000000a0000000, 0x0000000100000000)
  region size 1024K, 37 young (37888K), 3 survivors (3072K)
 Metaspace       used 58677K, capacity 60372K, committed 60508K, reserved 1101824K
  class space    used 7543K, capacity 8202K, committed 8224K, reserved 1048576K
}
Event: 2153.567 GC heap after
{Heap after GC invocations=16 (full 0):
 garbage-first heap   total 131072K, used 51037K [0x00000000a0000000, 0x0000000100000000)
  region size 1024K, 3 young (3072K), 3 survivors (3072K)
 Metaspace       used 58677K, capacity 60372K, committed 60508K, reserved 1101824K
  class space    used 7543K, capacity 8202K, committed 8224K, reserved 1048576K
}

