# JRE version: OpenJDK Runtime Environment (11.0.13) (build 11.0.13+0-b1751.21-8125866)
# Java VM: OpenJDK 64-Bit Server VM (11.0.13+0-b1751.21-8125866, mixed mode, tiered, compressed oops, g1 gc, windows-amd64)
Heap:
 garbage-first heap   total 131072K, used 74406K [0x00000000a0000000, 0x0000000100000000)
  region size 1024K, 26 young (26624K), 4 survivors (4096K)
 Metaspace       used 62585K, capacity 64610K, committed 64892K, reserved 1105920K
  class space    used 8138K, capacity 8892K, committed 8960K, reserved 1048576K
GC Heap History (20 events):
Event: 1781.766 GC heap before
{Heap before GC invocations=33 (full 0):
 garbage-first heap   total 131072K, used 47448K [0x00000000a0000000, 0x0000000100000000)
  region size 1024K, 18 young (18432K), 1 survivors (1024K)
 Metaspace       used 45495K, capacity 46661K, committed 46896K, reserved 1089536K
  class space    used 5727K, capacity 6145K, committed 6272K, reserved 1048576K
}
Event: 1781.772 GC heap after
{Heap after GC invocations=34 (full 0):
 garbage-first heap   total 131072K, used 31315K [0x00000000a0000000, 0x0000000100000000)
  region size 1024K, 2 young (2048K), 2 survivors (2048K)
 Metaspace       used 45495K, capacity 46661K, committed 46896K, reserved 1089536K
  class space    used 5727K, capacity 6145K, committed 6272K, reserved 1048576K
}
Event: 1790.389 GC heap before
{Heap before GC invocations=34 (full 0):
 garbage-first heap   total 131072K, used 53843K [0x00000000a0000000, 0x0000000100000000)
  region size 1024K, 24 young (24576K), 2 survivors (2048K)
 Metaspace       used 47054K, capacity 48292K, committed 48432K, reserved 1091584K
  class space    used 5958K, capacity 6416K, committed 6528K, reserved 1048576K
}
Event: 1790.394 GC heap after
{Heap after GC invocations=35 (full 0):
 garbage-first heap   total 131072K, used 32012K [0x00000000a0000000, 0x0000000100000000)
  region size 1024K, 2 young (2048K), 2 survivors (2048K)
 Metaspace       used 47054K, capacity 48292K, committed 48432K, reserved 1091584K
  class space    used 5958K, capacity 6416K, committed 6528K, reserved 1048576K
}
Event: 1853.700 GC heap before
{Heap before GC invocations=35 (full 0):
 garbage-first heap   total 131072K, used 62732K [0x00000000a0000000, 0x0000000100000000)
  region size 1024K, 32 young (32768K), 2 survivors (2048K)
 Metaspace       used 48308K, capacity 49661K, committed 49840K, reserved 1093632K
  class space    used 6098K, capacity 6572K, committed 6656K, reserved 1048576K
}
Event: 1853.706 GC heap after
{Heap after GC invocations=36 (full 0):
 garbage-first heap   total 131072K, used 32818K [0x00000000a0000000, 0x0000000100000000)
  region size 1024K, 3 young (3072K), 3 survivors (3072K)
 Metaspace       used 48308K, capacity 49661K, committed 49840K, reserved 1093632K
  class space    used 6098K, capacity 6572K, committed 6656K, reserved 1048576K
}
Event: 1935.241 GC heap before
{Heap before GC invocations=36 (full 0):
 garbage-first heap   total 131072K, used 69682K [0x00000000a0000000, 0x0000000100000000)
  region size 1024K, 39 young (39936K), 3 survivors (3072K)
 Metaspace       used 49124K, capacity 50503K, committed 50608K, reserved 1093632K
  class space    used 6167K, capacity 6635K, committed 6656K, reserved 1048576K
}
Event: 1935.249 GC heap after
{Heap after GC invocations=37 (full 0):
 garbage-first heap   total 131072K, used 33298K [0x00000000a0000000, 0x0000000100000000)
  region size 1024K, 3 young (3072K), 3 survivors (3072K)
 Metaspace       used 49124K, capacity 50503K, committed 50608K, reserved 1093632K
  class space    used 6167K, capacity 6635K, committed 6656K, reserved 1048576K
}
Event: 2010.690 GC heap before
{Heap before GC invocations=37 (full 0):
 garbage-first heap   total 131072K, used 75282K [0x00000000a0000000, 0x0000000100000000)
  region size 1024K, 45 young (46080K), 3 survivors (3072K)
 Metaspace       used 49694K, capacity 51124K, committed 51248K, reserved 1093632K
  class space    used 6217K, capacity 6730K, committed 6784K, reserved 1048576K
}
Event: 2010.707 GC heap after
{Heap after GC invocations=38 (full 0):
 garbage-first heap   total 131072K, used 34126K [0x00000000a0000000, 0x0000000100000000)
  region size 1024K, 4 young (4096K), 4 survivors (4096K)
 Metaspace       used 49694K, capacity 51124K, committed 51248K, reserved 1093632K
  class space    used 6217K, capacity 6730K, committed 6784K, reserved 1048576K
}
Event: 2193.299 GC heap before
{Heap before GC invocations=38 (full 0):
 garbage-first heap   total 131072K, used 92494K [0x00000000a0000000, 0x0000000100000000)
  region size 1024K, 52 young (53248K), 4 survivors (4096K)
 Metaspace       used 50946K, capacity 52533K, committed 52784K, reserved 1095680K
  class space    used 6433K, capacity 7012K, committed 7040K, reserved 1048576K
}
Event: 2193.437 GC heap after
{Heap after GC invocations=39 (full 0):
 garbage-first heap   total 131072K, used 49256K [0x00000000a0000000, 0x0000000100000000)
  region size 1024K, 7 young (7168K), 7 survivors (7168K)
 Metaspace       used 50946K, capacity 52533K, committed 52784K, reserved 1095680K
  class space    used 6433K, capacity 7012K, committed 7040K, reserved 1048576K
}
Event: 2219.964 GC heap before
{Heap before GC invocations=39 (full 0):
 garbage-first heap   total 131072K, used 95336K [0x00000000a0000000, 0x0000000100000000)
  region size 1024K, 52 young (53248K), 7 survivors (7168K)
 Metaspace       used 55154K, capacity 56898K, committed 57136K, reserved 1099776K
  class space    used 7075K, capacity 7745K, committed 7808K, reserved 1048576K
}
Event: 2219.992 GC heap after
{Heap after GC invocations=40 (full 0):
 garbage-first heap   total 131072K, used 51200K [0x00000000a0000000, 0x0000000100000000)
  region size 1024K, 2 young (2048K), 2 survivors (2048K)
 Metaspace       used 55154K, capacity 56898K, committed 57136K, reserved 1099776K
  class space    used 7075K, capacity 7745K, committed 7808K, reserved 1048576K
}
Event: 2232.006 GC heap before
{Heap before GC invocations=40 (full 0):
 garbage-first heap   total 131072K, used 98304K [0x00000000a0000000, 0x0000000100000000)
  region size 1024K, 48 young (49152K), 2 survivors (2048K)
 Metaspace       used 58069K, capacity 59842K, committed 60028K, reserved 1101824K
  class space    used 7459K, capacity 8129K, committed 8192K, reserved 1048576K
}
Event: 2232.015 GC heap after
{Heap after GC invocations=41 (full 0):
 garbage-first heap   total 131072K, used 51631K [0x00000000a0000000, 0x0000000100000000)
  region size 1024K, 3 young (3072K), 3 survivors (3072K)
 Metaspace       used 58069K, capacity 59842K, committed 60028K, reserved 1101824K
  class space    used 7459K, capacity 8129K, committed 8192K, reserved 1048576K
}
Event: 2232.049 GC heap before
{Heap before GC invocations=41 (full 0):
 garbage-first heap   total 131072K, used 52655K [0x00000000a0000000, 0x0000000100000000)
  region size 1024K, 5 young (5120K), 3 survivors (3072K)
 Metaspace       used 58203K, capacity 59906K, committed 60028K, reserved 1101824K
  class space    used 7470K, capacity 8129K, committed 8192K, reserved 1048576K
}
Event: 2232.056 GC heap after
{Heap after GC invocations=42 (full 0):
 garbage-first heap   total 131072K, used 51636K [0x00000000a0000000, 0x0000000100000000)
  region size 1024K, 3 young (3072K), 3 survivors (3072K)
 Metaspace       used 58203K, capacity 59906K, committed 60028K, reserved 1101824K
  class space    used 7470K, capacity 8129K, committed 8192K, reserved 1048576K
}
Event: 2260.952 GC heap before
{Heap before GC invocations=43 (full 0):
 garbage-first heap   total 131072K, used 97716K [0x00000000a0000000, 0x0000000100000000)
  region size 1024K, 49 young (50176K), 3 survivors (3072K)
 Metaspace       used 61087K, capacity 63062K, committed 63356K, reserved 1103872K
  class space    used 7900K, capacity 8617K, committed 8704K, reserved 1048576K
}
Event: 2260.961 GC heap after
{Heap after GC invocations=44 (full 0):
 garbage-first heap   total 131072K, used 52902K [0x00000000a0000000, 0x0000000100000000)
  region size 1024K, 4 young (4096K), 4 survivors (4096K)
 Metaspace       used 61087K, capacity 63062K, committed 63356K, reserved 1103872K
  class space    used 7900K, capacity 8617K, committed 8704K, reserved 1048576K
}

